  API_Chapter1.cpp
d:\github\windows_api\api_chapter1\api_chapter1\object.h(69): warning C4244: '인수': 'float'에서 'int'(으)로 변환하면서 데이터가 손실될 수 있습니다.
d:\github\windows_api\api_chapter1\api_chapter1\api_chapter1.cpp(609): warning C4244: '=': 'double'에서 'LONG'(으)로 변환하면서 데이터가 손실될 수 있습니다.
d:\github\windows_api\api_chapter1\api_chapter1\api_chapter1.cpp(610): warning C4244: '=': 'double'에서 'LONG'(으)로 변환하면서 데이터가 손실될 수 있습니다.
d:\github\windows_api\api_chapter1\api_chapter1\api_chapter1.cpp(611): warning C4244: '=': 'double'에서 'LONG'(으)로 변환하면서 데이터가 손실될 수 있습니다.
d:\github\windows_api\api_chapter1\api_chapter1\api_chapter1.cpp(612): warning C4244: '=': 'double'에서 'LONG'(으)로 변환하면서 데이터가 손실될 수 있습니다.
  Object.cpp
d:\github\windows_api\api_chapter1\api_chapter1\object.h(69): warning C4244: '인수': 'float'에서 'int'(으)로 변환하면서 데이터가 손실될 수 있습니다.
d:\github\windows_api\api_chapter1\api_chapter1\object.cpp(9): warning C4244: '=': 'int'에서 'float'(으)로 변환하면서 데이터가 손실될 수 있습니다.
d:\github\windows_api\api_chapter1\api_chapter1\object.cpp(84): warning C4244: '=': 'int'에서 'float'(으)로 변환하면서 데이터가 손실될 수 있습니다.
d:\github\windows_api\api_chapter1\api_chapter1\object.cpp(85): warning C4244: '=': 'int'에서 'float'(으)로 변환하면서 데이터가 손실될 수 있습니다.
d:\github\windows_api\api_chapter1\api_chapter1\object.cpp(97): warning C4244: '=': 'double'에서 'float'(으)로 변환하면서 데이터가 손실될 수 있습니다.
d:\github\windows_api\api_chapter1\api_chapter1\object.cpp(98): warning C4244: '=': 'float'에서 'LONG'(으)로 변환하면서 데이터가 손실될 수 있습니다.
d:\github\windows_api\api_chapter1\api_chapter1\object.cpp(99): warning C4244: '=': 'float'에서 'LONG'(으)로 변환하면서 데이터가 손실될 수 있습니다.
d:\github\windows_api\api_chapter1\api_chapter1\object.cpp(177): warning C4244: '=': 'int'에서 'float'(으)로 변환하면서 데이터가 손실될 수 있습니다.
d:\github\windows_api\api_chapter1\api_chapter1\object.cpp(178): warning C4305: '=': 'double'에서 'float'(으)로 잘립니다.
d:\github\windows_api\api_chapter1\api_chapter1\object.cpp(182): warning C4244: '=': 'int'에서 'float'(으)로 변환하면서 데이터가 손실될 수 있습니다.
d:\github\windows_api\api_chapter1\api_chapter1\object.cpp(220): warning C4244: '=': 'float'에서 'LONG'(으)로 변환하면서 데이터가 손실될 수 있습니다.
d:\github\windows_api\api_chapter1\api_chapter1\object.cpp(221): warning C4244: '=': 'float'에서 'LONG'(으)로 변환하면서 데이터가 손실될 수 있습니다.
d:\github\windows_api\api_chapter1\api_chapter1\object.cpp(222): warning C4244: '=': 'float'에서 'LONG'(으)로 변환하면서 데이터가 손실될 수 있습니다.
d:\github\windows_api\api_chapter1\api_chapter1\object.cpp(223): warning C4244: '=': 'float'에서 'LONG'(으)로 변환하면서 데이터가 손실될 수 있습니다.
d:\github\windows_api\api_chapter1\api_chapter1\object.cpp(322): warning C4244: '초기화 중': 'float'에서 'LONG'(으)로 변환하면서 데이터가 손실될 수 있습니다.
  코드를 생성하고 있습니다...
  API_Chapter1.vcxproj -> D:\GitHub\Windows_API\API_Chapter1\Debug\API_Chapter1.exe
