  Chapter4.cpp
d:\github\github\windows_api\chapter4\chapter4\chapter4.cpp(396): warning C4060: switch문에 'case' 또는 'default' 레이블이 없습니다.
d:\github\github\windows_api\chapter4\chapter4\chapter4.cpp(278): warning C4101: 'hBrush' :참조되지 않은 지역 변수입니다.
d:\github\github\windows_api\chapter4\chapter4\chapter4.cpp(278): warning C4101: 'OldBrush' :참조되지 않은 지역 변수입니다.
d:\github\github\windows_api\chapter4\chapter4\chapter4.cpp(272): warning C4101: 'str' :참조되지 않은 지역 변수입니다.
d:\github\github\windows_api\chapter4\chapter4\chapter4.cpp(1108): warning C4244: '인수': 'int'에서 'Gdiplus::REAL'(으)로 변환하면서 데이터가 손실될 수 있습니다.
d:\github\github\windows_api\chapter4\chapter4\chapter4.cpp(1112): warning C4244: '인수': 'int'에서 'Gdiplus::REAL'(으)로 변환하면서 데이터가 손실될 수 있습니다.
  DLL.cpp
d:\github\github\windows_api\chapter4\chapter4\object.h(40): warning C4244: '초기화 중': 'int'에서 'float'(으)로 변환하면서 데이터가 손실될 수 있습니다.
d:\github\github\windows_api\chapter4\chapter4\object.h(47): warning C4244: '=': 'int'에서 'float'(으)로 변환하면서 데이터가 손실될 수 있습니다.
d:\github\github\windows_api\chapter4\chapter4\object.h(71): warning C4244: '인수': 'float'에서 'int'(으)로 변환하면서 데이터가 손실될 수 있습니다.
  Object.cpp
d:\github\github\windows_api\chapter4\chapter4\object.h(40): warning C4244: '초기화 중': 'int'에서 'float'(으)로 변환하면서 데이터가 손실될 수 있습니다.
d:\github\github\windows_api\chapter4\chapter4\object.h(47): warning C4244: '=': 'int'에서 'float'(으)로 변환하면서 데이터가 손실될 수 있습니다.
d:\github\github\windows_api\chapter4\chapter4\object.h(71): warning C4244: '인수': 'float'에서 'int'(으)로 변환하면서 데이터가 손실될 수 있습니다.
d:\github\github\windows_api\chapter4\chapter4\object.cpp(94): warning C4244: '=': 'int'에서 'float'(으)로 변환하면서 데이터가 손실될 수 있습니다.
d:\github\github\windows_api\chapter4\chapter4\object.cpp(106): warning C4244: '=': 'double'에서 'float'(으)로 변환하면서 데이터가 손실될 수 있습니다.
d:\github\github\windows_api\chapter4\chapter4\object.cpp(107): warning C4244: '=': 'float'에서 'LONG'(으)로 변환하면서 데이터가 손실될 수 있습니다.
d:\github\github\windows_api\chapter4\chapter4\object.cpp(108): warning C4244: '=': 'float'에서 'LONG'(으)로 변환하면서 데이터가 손실될 수 있습니다.
d:\github\github\windows_api\chapter4\chapter4\object.cpp(197): warning C4305: '=': 'double'에서 'float'(으)로 잘립니다.
d:\github\github\windows_api\chapter4\chapter4\object.cpp(201): warning C4244: '=': 'int'에서 'float'(으)로 변환하면서 데이터가 손실될 수 있습니다.
d:\github\github\windows_api\chapter4\chapter4\object.cpp(239): warning C4244: '=': 'float'에서 'LONG'(으)로 변환하면서 데이터가 손실될 수 있습니다.
d:\github\github\windows_api\chapter4\chapter4\object.cpp(240): warning C4244: '=': 'float'에서 'LONG'(으)로 변환하면서 데이터가 손실될 수 있습니다.
d:\github\github\windows_api\chapter4\chapter4\object.cpp(241): warning C4244: '=': 'float'에서 'LONG'(으)로 변환하면서 데이터가 손실될 수 있습니다.
d:\github\github\windows_api\chapter4\chapter4\object.cpp(242): warning C4244: '=': 'float'에서 'LONG'(으)로 변환하면서 데이터가 손실될 수 있습니다.
d:\github\github\windows_api\chapter4\chapter4\object.cpp(351): warning C4244: '초기화 중': 'float'에서 'LONG'(으)로 변환하면서 데이터가 손실될 수 있습니다.
  코드를 생성하고 있습니다...
d:\github\github\windows_api\chapter4\chapter4\dll.cpp(24): warning C4715: 'List::OBINDEX': 모든 제어 경로에서 값을 반환하지는 않습니다.
  LINK : D:\Github\GitHub\Windows_API\Chapter4\Debug\Chapter4.exe을(를) 찾을 수 없거나 마지막 증분 링크에 의해 빌드되지 않았습니다. 전체 링크를 수행하고 있습니다.
  Chapter4.vcxproj -> D:\Github\GitHub\Windows_API\Chapter4\Debug\Chapter4.exe
